Using pre-set license
Built from '2020.3/release' branch; Version is '2020.3.2f1 (8fd9074bf66c) revision 9427207'; Using compiler version '192528614'; Build Type 'Release'
OS: 'Windows 10 Enterprise LTSC 2019; OS build 17763.1879; Version 1809; 64bit' Language: 'ko' Physical Memory: 16299 MB
BatchMode: 1, IsHumanControllingUs: 0, StartBugReporterOnCrash: 0, Is64bit: 1, IsPro: 0

 COMMAND LINE ARGUMENTS:
C:\Program Files\Unity\2020.3.2f1\Editor\Unity.exe
-adb2
-batchMode
-noUpm
-name
AssetImportWorker0
-projectPath
D:/Unity/OnXXMethod
-logFile
Logs/AssetImportWorker0.log
-srvPort
1777
Successfully changed project path to: D:/Unity/OnXXMethod
D:/Unity/OnXXMethod
Using Asset Import Pipeline V2.
Unable to join player connection multicast group.

Refreshing native plugins compatible for Editor in 19.65 ms, found 0 plugins.
Preloading 0 native plugins for Editor in 0.00 ms.
Initialize engine version: 2020.3.2f1 (8fd9074bf66c)
[Subsystems] Discovering subsystems at path C:/Program Files/Unity/2020.3.2f1/Editor/Data/Resources/UnitySubsystems
[Subsystems] Discovering subsystems at path D:/Unity/OnXXMethod/Assets
GfxDevice: creating device client; threaded=0
Direct3D:
    Version:  Direct3D 11.0 [level 11.1]
    Renderer: NVIDIA GeForce GTX 1050 Ti (ID=0x1c82)
    Vendor:   
    VRAM:     4018 MB
    Driver:   27.21.14.6627
Initialize mono
Mono path[0] = 'C:/Program Files/Unity/2020.3.2f1/Editor/Data/Managed'
Mono path[1] = 'C:/Program Files/Unity/2020.3.2f1/Editor/Data/MonoBleedingEdge/lib/mono/unityjit'
Mono config path = 'C:/Program Files/Unity/2020.3.2f1/Editor/Data/MonoBleedingEdge/etc'
Using monoOptions --debugger-agent=transport=dt_socket,embedding=1,server=y,suspend=n,address=127.0.0.1:56924
Begin MonoManager ReloadAssembly
Registering precompiled unity dll's ...
Register platform support module: C:/Program Files/Unity/2020.3.2f1/Editor/Data/PlaybackEngines/WindowsStandaloneSupport/UnityEditor.WindowsStandalone.Extensions.dll
Registered in 0.001169 seconds.
Native extension for WindowsStandalone target not found
Refreshing native plugins compatible for Editor in 20.18 ms, found 0 plugins.
Preloading 0 native plugins for Editor in 0.00 ms.
Invoked RoslynAnalysisRunner static constructor.
RoslynAnalysisRunner will not be running.
RoslynAnalysisRunner has terminated.
Mono: successfully reloaded assembly
- Completed reload, in  1.389 seconds
Platform modules already initialized, skipping
Registering precompiled user dll's ...
Registered in 0.001120 seconds.
Begin MonoManager ReloadAssembly
Native extension for WindowsStandalone target not found
Refreshing native plugins compatible for Editor in 0.21 ms, found 0 plugins.
Preloading 0 native plugins for Editor in 0.00 ms.
Invoked RoslynAnalysisRunner static constructor.
RoslynAnalysisRunner will not be running.
RoslynAnalysisRunner has terminated.
Mono: successfully reloaded assembly
- Completed reload, in  0.638 seconds
Platform modules already initialized, skipping
========================================================================
Worker process is ready to serve import requests
Launched and connected shader compiler UnityShaderCompiler.exe after 0.03 seconds
Refreshing native plugins compatible for Editor in 0.23 ms, found 0 plugins.
Preloading 0 native plugins for Editor in 0.00 ms.
Unloading 1128 Unused Serialized files (Serialized files now loaded: 0)
System memory in use before: 60.0 MB.
System memory in use after: 60.1 MB.

Unloading 12 unused Assets to reduce memory usage. Loaded Objects now: 1568.
Total: 1.395900 ms (FindLiveObjects: 0.118300 ms CreateObjectMapping: 0.029700 ms MarkObjects: 1.197000 ms  DeleteObjects: 0.049900 ms)

========================================================================
Received Import Request.
  path: Assets/Scenes/0503.unity
  artifactKey: Guid(0c2a31c9ab99f7c4c84405bf5256f2d7) Importer(815301076,1909f56bfc062723c751e8b465ee728b)
Start importing Assets/Scenes/0503.unity using Guid(0c2a31c9ab99f7c4c84405bf5256f2d7) Importer(815301076,1909f56bfc062723c751e8b465ee728b)  -> (artifact id: '6b401e778d98fada286cefb212faca92') in 0.017699 seconds
  Import took 0.019354 seconds .

========================================================================
Received Import Request.
  Time since last request: 0.000218 seconds.
  path: Assets/Scenes/0430.unity
  artifactKey: Guid(efca39c61aec248468adf1a20697280a) Importer(815301076,1909f56bfc062723c751e8b465ee728b)
Start importing Assets/Scenes/0430.unity using Guid(efca39c61aec248468adf1a20697280a) Importer(815301076,1909f56bfc062723c751e8b465ee728b)  -> (artifact id: 'f7aef28d56975b8597bee051d0c464c6') in 0.009734 seconds
  Import took 0.011246 seconds .

========================================================================
Received Import Request.
  Time since last request: 0.000191 seconds.
  path: Assets/Scenes/SampleScene.unity
  artifactKey: Guid(9fc0d4010bbf28b4594072e72b8655ab) Importer(815301076,1909f56bfc062723c751e8b465ee728b)
Start importing Assets/Scenes/SampleScene.unity using Guid(9fc0d4010bbf28b4594072e72b8655ab) Importer(815301076,1909f56bfc062723c751e8b465ee728b)  -> (artifact id: 'd720e9b52743cefa59fe180052283fc7') in 0.007896 seconds
  Import took 0.009320 seconds .

========================================================================
Received Import Request.
  Time since last request: 19.921120 seconds.
  path: Assets/ActionHandler.cs
  artifactKey: Guid(e44e9b8a9a7e3544cabe2e8e2425a1fe) Importer(815301076,1909f56bfc062723c751e8b465ee728b)
Start importing Assets/ActionHandler.cs using Guid(e44e9b8a9a7e3544cabe2e8e2425a1fe) Importer(815301076,1909f56bfc062723c751e8b465ee728b)  -> (artifact id: '277a961b76924077b9add1fd09089e09') in 0.025748 seconds
  Import took 0.027417 seconds .

========================================================================
Received Prepare
Registering precompiled user dll's ...
Registered in 0.001085 seconds.
Begin MonoManager ReloadAssembly
Native extension for WindowsStandalone target not found
Refreshing native plugins compatible for Editor in 0.22 ms, found 0 plugins.
Preloading 0 native plugins for Editor in 0.00 ms.
Invoked RoslynAnalysisRunner static constructor.
RoslynAnalysisRunner will not be running.
RoslynAnalysisRunner has terminated.
Mono: successfully reloaded assembly
- Completed reload, in  0.584 seconds
Platform modules already initialized, skipping
Refreshing native plugins compatible for Editor in 0.15 ms, found 0 plugins.
Preloading 0 native plugins for Editor in 0.00 ms.
Unloading 1122 Unused Serialized files (Serialized files now loaded: 0)
System memory in use before: 59.9 MB.
System memory in use after: 60.0 MB.

Unloading 7 unused Assets to reduce memory usage. Loaded Objects now: 1571.
Total: 1.441000 ms (FindLiveObjects: 0.124200 ms CreateObjectMapping: 0.027900 ms MarkObjects: 1.274500 ms  DeleteObjects: 0.013500 ms)

========================================================================
Received Import Request.
  Time since last request: 25.091130 seconds.
  path: Assets/Prefabs/noname.prefab
  artifactKey: Guid(ac48917047bcd5e44bd30643396afc5c) Importer(815301076,1909f56bfc062723c751e8b465ee728b)
Start importing Assets/Prefabs/noname.prefab using Guid(ac48917047bcd5e44bd30643396afc5c) Importer(815301076,1909f56bfc062723c751e8b465ee728b)  -> (artifact id: 'c720fd978812b2a9c97ec5a4d6beccdd') in 0.249629 seconds
  Import took 0.251427 seconds .

========================================================================
Received Import Request.
  Time since last request: 0.204857 seconds.
  path: Assets/Prefabs/Text.prefab
  artifactKey: Guid(36275aa45296d5e4a82424e45d95060e) Importer(815301076,1909f56bfc062723c751e8b465ee728b)
Start importing Assets/Prefabs/Text.prefab using Guid(36275aa45296d5e4a82424e45d95060e) Importer(815301076,1909f56bfc062723c751e8b465ee728b)  -> (artifact id: '1c87f5097719a7fc2528074ef979d8a5') in 0.012223 seconds
  Import took 0.013967 seconds .

========================================================================
Received Import Request.
  Time since last request: 0.022859 seconds.
  path: Assets/Prefabs/Text.prefab
  artifactKey: Guid(36275aa45296d5e4a82424e45d95060e) Importer(815301076,1909f56bfc062723c751e8b465ee728b)
Start importing Assets/Prefabs/Text.prefab using Guid(36275aa45296d5e4a82424e45d95060e) Importer(815301076,1909f56bfc062723c751e8b465ee728b)  -> (artifact id: '1c87f5097719a7fc2528074ef979d8a5') in 0.002367 seconds
  Import took 0.003751 seconds .

AssetImportWorkerClient::OnTransportError - code=2 error=End of file
